<?xml version="1.0" encoding="UTF-8"?>
<testsuite name="com.boottest.book.springboot.web.IndexControllerTest" tests="1" skipped="0" failures="0" errors="0" timestamp="2020-06-17T09:12:22" hostname="DESKTOP-0CS29CM" time="0.318">
  <properties/>
  <testcase name="메인페이지_로딩" classname="com.boottest.book.springboot.web.IndexControllerTest" time="0.318"/>
  <system-out><![CDATA[2020-06-17 18:12:22.761  INFO 6640 --- [    Test worker] .b.t.c.SpringBootTestContextBootstrapper : Neither @ContextConfiguration nor @ContextHierarchy found for test class [com.boottest.book.springboot.web.IndexControllerTest], using SpringBootContextLoader
2020-06-17 18:12:22.765  INFO 6640 --- [    Test worker] o.s.t.c.support.AbstractContextLoader    : Could not detect default resource locations for test class [com.boottest.book.springboot.web.IndexControllerTest]: no resource found for suffixes {-context.xml, Context.groovy}.
2020-06-17 18:12:22.766  INFO 6640 --- [    Test worker] t.c.s.AnnotationConfigContextLoaderUtils : Could not detect default configuration classes for test class [com.boottest.book.springboot.web.IndexControllerTest]: IndexControllerTest does not declare any static, non-private, non-final, nested classes annotated with @Configuration.
2020-06-17 18:12:22.770  INFO 6640 --- [    Test worker] .b.t.c.SpringBootTestContextBootstrapper : Found @SpringBootConfiguration com.boottest.book.springboot.Application for test class com.boottest.book.springboot.web.IndexControllerTest
2020-06-17 18:12:22.773  INFO 6640 --- [    Test worker] .b.t.c.SpringBootTestContextBootstrapper : Loaded default TestExecutionListener class names from location [META-INF/spring.factories]: [org.springframework.security.test.context.support.WithSecurityContextTestExecutionListener, org.springframework.security.test.context.support.ReactorContextTestExecutionListener, org.springframework.boot.test.autoconfigure.restdocs.RestDocsTestExecutionListener, org.springframework.boot.test.autoconfigure.web.client.MockRestServiceServerResetTestExecutionListener, org.springframework.boot.test.autoconfigure.web.servlet.MockMvcPrintOnlyOnFailureTestExecutionListener, org.springframework.boot.test.autoconfigure.web.servlet.WebDriverTestExecutionListener, org.springframework.boot.test.mock.mockito.MockitoTestExecutionListener, org.springframework.boot.test.mock.mockito.ResetMocksTestExecutionListener, org.springframework.test.context.web.ServletTestExecutionListener, org.springframework.test.context.support.DirtiesContextBeforeModesTestExecutionListener, org.springframework.test.context.support.DependencyInjectionTestExecutionListener, org.springframework.test.context.support.DirtiesContextTestExecutionListener, org.springframework.test.context.transaction.TransactionalTestExecutionListener, org.springframework.test.context.jdbc.SqlScriptsTestExecutionListener]
2020-06-17 18:12:22.776  INFO 6640 --- [    Test worker] .b.t.c.SpringBootTestContextBootstrapper : Using TestExecutionListeners: [org.springframework.test.context.web.ServletTestExecutionListener@1a6eb30b, org.springframework.test.context.support.DirtiesContextBeforeModesTestExecutionListener@2648fa53, org.springframework.boot.test.mock.mockito.MockitoTestExecutionListener@3a00fe0f, org.springframework.boot.test.autoconfigure.SpringBootDependencyInjectionTestExecutionListener@6a334c6a, org.springframework.test.context.support.DirtiesContextTestExecutionListener@52a5ccc, org.springframework.test.context.transaction.TransactionalTestExecutionListener@64d1b458, org.springframework.test.context.jdbc.SqlScriptsTestExecutionListener@591cde4b, org.springframework.security.test.context.support.WithSecurityContextTestExecutionListener@29bc891e, org.springframework.security.test.context.support.ReactorContextTestExecutionListener@7ea77cd9, org.springframework.boot.test.autoconfigure.restdocs.RestDocsTestExecutionListener@17bd6421, org.springframework.boot.test.autoconfigure.web.client.MockRestServiceServerResetTestExecutionListener@286c1e1b, org.springframework.boot.test.autoconfigure.web.servlet.MockMvcPrintOnlyOnFailureTestExecutionListener@65558671, org.springframework.boot.test.autoconfigure.web.servlet.WebDriverTestExecutionListener@20d17fb6, org.springframework.boot.test.mock.mockito.ResetMocksTestExecutionListener@5c319be1]
2020-06-17 18:12:22.953  INFO 6640 --- [o-auto-1-exec-1] o.a.c.c.C.[Tomcat].[localhost].[/]       : Initializing Spring DispatcherServlet 'dispatcherServlet'
2020-06-17 18:12:22.954  INFO 6640 --- [o-auto-1-exec-1] o.s.web.servlet.DispatcherServlet        : Initializing Servlet 'dispatcherServlet'
2020-06-17 18:12:22.958  INFO 6640 --- [o-auto-1-exec-1] o.s.web.servlet.DispatcherServlet        : Completed initialization in 4 ms
Hibernate: select posts0_.id as id1_0_, posts0_.created_date as created_2_0_, posts0_.modified_date as modified3_0_, posts0_.author as author4_0_, posts0_.content as content5_0_, posts0_.title as title6_0_ from posts posts0_ order by posts0_.id DESC
]]></system-out>
  <system-err><![CDATA[]]></system-err>
</testsuite>
